F:\WORKPLACE\VS WORKPLACE\OPENGL_STUDY\MGL07_READANDCOPYPIXELS\COPYPIXELS\COPYPIXELS\DEBUG\GMAIN.OBJ
F:\WORKPLACE\VS WORKPLACE\OPENGL_STUDY\MGL07_READANDCOPYPIXELS\COPYPIXELS\COPYPIXELS\DEBUG\VC110.PDB
F:\WORKPLACE\VS WORKPLACE\OPENGL_STUDY\MGL07_READANDCOPYPIXELS\COPYPIXELS\DEBUG\COPYPIXELS.ILK
F:\WORKPLACE\VS WORKPLACE\OPENGL_STUDY\MGL07_READANDCOPYPIXELS\COPYPIXELS\DEBUG\COPYPIXELS.EXE
F:\WORKPLACE\VS WORKPLACE\OPENGL_STUDY\MGL07_READANDCOPYPIXELS\COPYPIXELS\DEBUG\COPYPIXELS.PDB
F:\WorkPlace\VS WorkPlace\OpenGL_Study\mGL07_readAndCopyPixels\CopyPixels\CopyPixels\Debug\gmain.obj
F:\WorkPlace\VS WorkPlace\OpenGL_Study\mGL07_readAndCopyPixels\CopyPixels\CopyPixels\Debug\cl.command.1.tlog
F:\WorkPlace\VS WorkPlace\OpenGL_Study\mGL07_readAndCopyPixels\CopyPixels\CopyPixels\Debug\CL.read.1.tlog
F:\WorkPlace\VS WorkPlace\OpenGL_Study\mGL07_readAndCopyPixels\CopyPixels\CopyPixels\Debug\CL.write.1.tlog
F:\WorkPlace\VS WorkPlace\OpenGL_Study\mGL07_readAndCopyPixels\CopyPixels\CopyPixels\Debug\link-cvtres.read.1.tlog
F:\WorkPlace\VS WorkPlace\OpenGL_Study\mGL07_readAndCopyPixels\CopyPixels\CopyPixels\Debug\link-cvtres.write.1.tlog
F:\WorkPlace\VS WorkPlace\OpenGL_Study\mGL07_readAndCopyPixels\CopyPixels\CopyPixels\Debug\link-rc.read.1.tlog
F:\WorkPlace\VS WorkPlace\OpenGL_Study\mGL07_readAndCopyPixels\CopyPixels\CopyPixels\Debug\link-rc.write.1.tlog
F:\WorkPlace\VS WorkPlace\OpenGL_Study\mGL07_readAndCopyPixels\CopyPixels\CopyPixels\Debug\link.command.1.tlog
F:\WorkPlace\VS WorkPlace\OpenGL_Study\mGL07_readAndCopyPixels\CopyPixels\CopyPixels\Debug\link.read.1.tlog
F:\WorkPlace\VS WorkPlace\OpenGL_Study\mGL07_readAndCopyPixels\CopyPixels\CopyPixels\Debug\link.write.1.tlog
F:\WorkPlace\VS WorkPlace\OpenGL_Study\mGL07_readAndCopyPixels\CopyPixels\CopyPixels\Debug\vc110.idb
F:\WorkPlace\VS WorkPlace\OpenGL_Study\mGL07_readAndCopyPixels\CopyPixels\CopyPixels\Debug\vc110.pdb
F:\WorkPlace\VS WorkPlace\OpenGL_Study\mGL07_readAndCopyPixels\CopyPixels\Debug\CopyPixels.pdb
F:\WorkPlace\VS WorkPlace\OpenGL_Study\mGL07_readAndCopyPixels\CopyPixels\Debug\CopyPixels.exe
F:\WorkPlace\VS WorkPlace\OpenGL_Study\mGL07_readAndCopyPixels\CopyPixels\Debug\CopyPixels.ilk
