F:\WORKPLACE\VS WORKPLACE\MYVSWORKPLACE\GL_MPATH03_DRAWSPACE\SPACE\SPACE\DEBUG\DRAWSPACE.OBJ
F:\WORKPLACE\VS WORKPLACE\MYVSWORKPLACE\GL_MPATH03_DRAWSPACE\SPACE\SPACE\DEBUG\VC110.PDB
F:\WORKPLACE\VS WORKPLACE\MYVSWORKPLACE\GL_MPATH03_DRAWSPACE\SPACE\DEBUG\SPACE.ILK
F:\WORKPLACE\VS WORKPLACE\MYVSWORKPLACE\GL_MPATH03_DRAWSPACE\SPACE\DEBUG\SPACE.EXE
F:\WORKPLACE\VS WORKPLACE\MYVSWORKPLACE\GL_MPATH03_DRAWSPACE\SPACE\DEBUG\SPACE.PDB
F:\WorkPlace\VS WorkPlace\MyVSworkplace\GL_mPath03_DrawSpace\Space\Space\Debug\DrawSpace.obj
F:\WorkPlace\VS WorkPlace\MyVSworkplace\GL_mPath03_DrawSpace\Space\Space\Debug\cl.command.1.tlog
F:\WorkPlace\VS WorkPlace\MyVSworkplace\GL_mPath03_DrawSpace\Space\Space\Debug\CL.read.1.tlog
F:\WorkPlace\VS WorkPlace\MyVSworkplace\GL_mPath03_DrawSpace\Space\Space\Debug\CL.write.1.tlog
F:\WorkPlace\VS WorkPlace\MyVSworkplace\GL_mPath03_DrawSpace\Space\Space\Debug\link-cvtres.read.1.tlog
F:\WorkPlace\VS WorkPlace\MyVSworkplace\GL_mPath03_DrawSpace\Space\Space\Debug\link-cvtres.write.1.tlog
F:\WorkPlace\VS WorkPlace\MyVSworkplace\GL_mPath03_DrawSpace\Space\Space\Debug\link-rc.read.1.tlog
F:\WorkPlace\VS WorkPlace\MyVSworkplace\GL_mPath03_DrawSpace\Space\Space\Debug\link-rc.write.1.tlog
F:\WorkPlace\VS WorkPlace\MyVSworkplace\GL_mPath03_DrawSpace\Space\Space\Debug\link.command.1.tlog
F:\WorkPlace\VS WorkPlace\MyVSworkplace\GL_mPath03_DrawSpace\Space\Space\Debug\link.read.1.tlog
F:\WorkPlace\VS WorkPlace\MyVSworkplace\GL_mPath03_DrawSpace\Space\Space\Debug\link.write.1.tlog
F:\WorkPlace\VS WorkPlace\MyVSworkplace\GL_mPath03_DrawSpace\Space\Space\Debug\vc110.idb
F:\WorkPlace\VS WorkPlace\MyVSworkplace\GL_mPath03_DrawSpace\Space\Space\Debug\vc110.pdb
F:\WorkPlace\VS WorkPlace\MyVSworkplace\GL_mPath03_DrawSpace\Space\Debug\Space.pdb
F:\WorkPlace\VS WorkPlace\MyVSworkplace\GL_mPath03_DrawSpace\Space\Debug\Space.exe
F:\WorkPlace\VS WorkPlace\MyVSworkplace\GL_mPath03_DrawSpace\Space\Debug\Space.ilk
