F:\WORKPLACE\VS WORKPLACE\OPENGL_STUDY\MGL07_WRITEPIXELS\DRAWPIXELS\DRAWPIXELS\DEBUG\GMAIN.OBJ
F:\WORKPLACE\VS WORKPLACE\OPENGL_STUDY\MGL07_WRITEPIXELS\DRAWPIXELS\DRAWPIXELS\DEBUG\VC110.PDB
F:\WORKPLACE\VS WORKPLACE\OPENGL_STUDY\MGL07_WRITEPIXELS\DRAWPIXELS\DEBUG\DRAWPIXELS.ILK
F:\WORKPLACE\VS WORKPLACE\OPENGL_STUDY\MGL07_WRITEPIXELS\DRAWPIXELS\DEBUG\DRAWPIXELS.EXE
F:\WORKPLACE\VS WORKPLACE\OPENGL_STUDY\MGL07_WRITEPIXELS\DRAWPIXELS\DEBUG\DRAWPIXELS.PDB
F:\WorkPlace\VS WorkPlace\OpenGL_Study\mGL07_writePixels\drawPixels\drawPixels\Debug\gmain.obj
F:\WorkPlace\VS WorkPlace\OpenGL_Study\mGL07_writePixels\drawPixels\drawPixels\Debug\cl.command.1.tlog
F:\WorkPlace\VS WorkPlace\OpenGL_Study\mGL07_writePixels\drawPixels\drawPixels\Debug\CL.read.1.tlog
F:\WorkPlace\VS WorkPlace\OpenGL_Study\mGL07_writePixels\drawPixels\drawPixels\Debug\CL.write.1.tlog
F:\WorkPlace\VS WorkPlace\OpenGL_Study\mGL07_writePixels\drawPixels\drawPixels\Debug\link-cvtres.read.1.tlog
F:\WorkPlace\VS WorkPlace\OpenGL_Study\mGL07_writePixels\drawPixels\drawPixels\Debug\link-cvtres.write.1.tlog
F:\WorkPlace\VS WorkPlace\OpenGL_Study\mGL07_writePixels\drawPixels\drawPixels\Debug\link-rc.read.1.tlog
F:\WorkPlace\VS WorkPlace\OpenGL_Study\mGL07_writePixels\drawPixels\drawPixels\Debug\link-rc.write.1.tlog
F:\WorkPlace\VS WorkPlace\OpenGL_Study\mGL07_writePixels\drawPixels\drawPixels\Debug\link.command.1.tlog
F:\WorkPlace\VS WorkPlace\OpenGL_Study\mGL07_writePixels\drawPixels\drawPixels\Debug\link.read.1.tlog
F:\WorkPlace\VS WorkPlace\OpenGL_Study\mGL07_writePixels\drawPixels\drawPixels\Debug\link.write.1.tlog
F:\WorkPlace\VS WorkPlace\OpenGL_Study\mGL07_writePixels\drawPixels\drawPixels\Debug\vc110.idb
F:\WorkPlace\VS WorkPlace\OpenGL_Study\mGL07_writePixels\drawPixels\drawPixels\Debug\vc110.pdb
F:\WorkPlace\VS WorkPlace\OpenGL_Study\mGL07_writePixels\drawPixels\Debug\drawPixels.pdb
F:\WorkPlace\VS WorkPlace\OpenGL_Study\mGL07_writePixels\drawPixels\Debug\drawPixels.exe
F:\WorkPlace\VS WorkPlace\OpenGL_Study\mGL07_writePixels\drawPixels\Debug\drawPixels.ilk
