F:\WORKPLACE\VS WORKPLACE\MYVSWORKPLACE\GL_MPATH02_DRAWPOLYGON02\POLYGONSTIPPLE\POLYGONSTIPPLE\DEBUG\GLMAIN.OBJ
F:\WORKPLACE\VS WORKPLACE\MYVSWORKPLACE\GL_MPATH02_DRAWPOLYGON02\POLYGONSTIPPLE\POLYGONSTIPPLE\DEBUG\VC110.PDB
F:\WORKPLACE\VS WORKPLACE\MYVSWORKPLACE\GL_MPATH02_DRAWPOLYGON02\POLYGONSTIPPLE\DEBUG\POLYGONSTIPPLE.ILK
F:\WORKPLACE\VS WORKPLACE\MYVSWORKPLACE\GL_MPATH02_DRAWPOLYGON02\POLYGONSTIPPLE\DEBUG\POLYGONSTIPPLE.EXE
F:\WORKPLACE\VS WORKPLACE\MYVSWORKPLACE\GL_MPATH02_DRAWPOLYGON02\POLYGONSTIPPLE\DEBUG\POLYGONSTIPPLE.PDB
F:\WorkPlace\VS WorkPlace\MyVSworkplace\GL_mPath02_DrawPolygon02\PolygonStipple\PolygonStipple\Debug\glmain.obj
F:\WorkPlace\VS WorkPlace\MyVSworkplace\GL_mPath02_DrawPolygon02\PolygonStipple\PolygonStipple\Debug\cl.command.1.tlog
F:\WorkPlace\VS WorkPlace\MyVSworkplace\GL_mPath02_DrawPolygon02\PolygonStipple\PolygonStipple\Debug\CL.read.1.tlog
F:\WorkPlace\VS WorkPlace\MyVSworkplace\GL_mPath02_DrawPolygon02\PolygonStipple\PolygonStipple\Debug\CL.write.1.tlog
F:\WorkPlace\VS WorkPlace\MyVSworkplace\GL_mPath02_DrawPolygon02\PolygonStipple\PolygonStipple\Debug\link-cvtres.read.1.tlog
F:\WorkPlace\VS WorkPlace\MyVSworkplace\GL_mPath02_DrawPolygon02\PolygonStipple\PolygonStipple\Debug\link-cvtres.write.1.tlog
F:\WorkPlace\VS WorkPlace\MyVSworkplace\GL_mPath02_DrawPolygon02\PolygonStipple\PolygonStipple\Debug\link-rc.read.1.tlog
F:\WorkPlace\VS WorkPlace\MyVSworkplace\GL_mPath02_DrawPolygon02\PolygonStipple\PolygonStipple\Debug\link-rc.write.1.tlog
F:\WorkPlace\VS WorkPlace\MyVSworkplace\GL_mPath02_DrawPolygon02\PolygonStipple\PolygonStipple\Debug\link.command.1.tlog
F:\WorkPlace\VS WorkPlace\MyVSworkplace\GL_mPath02_DrawPolygon02\PolygonStipple\PolygonStipple\Debug\link.read.1.tlog
F:\WorkPlace\VS WorkPlace\MyVSworkplace\GL_mPath02_DrawPolygon02\PolygonStipple\PolygonStipple\Debug\link.write.1.tlog
F:\WorkPlace\VS WorkPlace\MyVSworkplace\GL_mPath02_DrawPolygon02\PolygonStipple\PolygonStipple\Debug\vc110.idb
F:\WorkPlace\VS WorkPlace\MyVSworkplace\GL_mPath02_DrawPolygon02\PolygonStipple\PolygonStipple\Debug\vc110.pdb
F:\WorkPlace\VS WorkPlace\MyVSworkplace\GL_mPath02_DrawPolygon02\PolygonStipple\Debug\PolygonStipple.pdb
F:\WorkPlace\VS WorkPlace\MyVSworkplace\GL_mPath02_DrawPolygon02\PolygonStipple\Debug\PolygonStipple.exe
F:\WorkPlace\VS WorkPlace\MyVSworkplace\GL_mPath02_DrawPolygon02\PolygonStipple\Debug\PolygonStipple.ilk
